<?xml version="1.0" encoding="UTF-8"?>
<testng-results ignored="0" total="3" passed="3" failed="0" skipped="0">
  <reporter-output>
  </reporter-output>
  <suite started-at="2025-10-23T12:36:32 IST" name="Suite" finished-at="2025-10-23T12:36:50 IST" duration-ms="17805">
    <groups>
    </groups>
    <test started-at="2025-10-23T12:36:32 IST" name="Test" finished-at="2025-10-23T12:36:50 IST" duration-ms="17805">
      <class name="com.ajio.tests.loginajio">
        <test-method is-config="true" signature="setupreport()[pri:0, instance:com.ajio.tests.loginajio@74d1dc36]" started-at="2025-10-23T12:36:32 IST" name="setupreport" finished-at="2025-10-23T12:36:32 IST" duration-ms="246" status="PASS">
          <reporter-output>
          </reporter-output>
        </test-method> <!-- setupreport -->
        <test-method is-config="true" signature="setup()[pri:0, instance:com.ajio.tests.loginajio@74d1dc36]" started-at="2025-10-23T12:36:33 IST" name="setup" finished-at="2025-10-23T12:36:36 IST" duration-ms="3000" status="PASS">
          <reporter-output>
          </reporter-output>
        </test-method> <!-- setup -->
        <test-method signature="verifylogin(java.lang.String,java.lang.String)[pri:0, instance:com.ajio.tests.loginajio@74d1dc36]" started-at="2025-10-23T12:36:36 IST" name="verifylogin" data-provider="logindata" finished-at="2025-10-23T12:36:40 IST" duration-ms="4009" status="PASS">
          <params>
            <param index="0">
              <value>
                <![CDATA[Admin]]>
              </value>
            </param>
            <param index="1">
              <value>
                <![CDATA[admin123]]>
              </value>
            </param>
          </params>
          <reporter-output>
          </reporter-output>
        </test-method> <!-- verifylogin -->
        <test-method is-config="true" signature="teardown()[pri:0, instance:com.ajio.tests.loginajio@74d1dc36]" started-at="2025-10-23T12:36:40 IST" name="teardown" finished-at="2025-10-23T12:36:40 IST" duration-ms="3" status="PASS">
          <reporter-output>
          </reporter-output>
        </test-method> <!-- teardown -->
        <test-method is-config="true" signature="setup()[pri:0, instance:com.ajio.tests.loginajio@74d1dc36]" started-at="2025-10-23T12:36:40 IST" name="setup" finished-at="2025-10-23T12:36:41 IST" duration-ms="1176" status="PASS">
          <reporter-output>
          </reporter-output>
        </test-method> <!-- setup -->
        <test-method signature="verifylogin(java.lang.String,java.lang.String)[pri:0, instance:com.ajio.tests.loginajio@74d1dc36]" started-at="2025-10-23T12:36:41 IST" name="verifylogin" data-provider="logindata" finished-at="2025-10-23T12:36:44 IST" duration-ms="3278" status="PASS">
          <params>
            <param index="0">
              <value is-null="true"/>
            </param>
            <param index="1">
              <value is-null="true"/>
            </param>
          </params>
          <reporter-output>
          </reporter-output>
        </test-method> <!-- verifylogin -->
        <test-method is-config="true" signature="teardown()[pri:0, instance:com.ajio.tests.loginajio@74d1dc36]" started-at="2025-10-23T12:36:44 IST" name="teardown" finished-at="2025-10-23T12:36:44 IST" duration-ms="0" status="PASS">
          <reporter-output>
          </reporter-output>
        </test-method> <!-- teardown -->
        <test-method is-config="true" signature="setup()[pri:0, instance:com.ajio.tests.loginajio@74d1dc36]" started-at="2025-10-23T12:36:44 IST" name="setup" finished-at="2025-10-23T12:36:46 IST" duration-ms="2017" status="PASS">
          <reporter-output>
          </reporter-output>
        </test-method> <!-- setup -->
        <test-method signature="verifylogin(java.lang.String,java.lang.String)[pri:0, instance:com.ajio.tests.loginajio@74d1dc36]" started-at="2025-10-23T12:36:46 IST" name="verifylogin" data-provider="logindata" finished-at="2025-10-23T12:36:50 IST" duration-ms="3589" status="PASS">
          <params>
            <param index="0">
              <value is-null="true"/>
            </param>
            <param index="1">
              <value is-null="true"/>
            </param>
          </params>
          <reporter-output>
          </reporter-output>
        </test-method> <!-- verifylogin -->
        <test-method is-config="true" signature="teardown()[pri:0, instance:com.ajio.tests.loginajio@74d1dc36]" started-at="2025-10-23T12:36:50 IST" name="teardown" finished-at="2025-10-23T12:36:50 IST" duration-ms="1" status="PASS">
          <reporter-output>
          </reporter-output>
        </test-method> <!-- teardown -->
        <test-method is-config="true" signature="flushreport()[pri:0, instance:com.ajio.tests.loginajio@74d1dc36]" started-at="2025-10-23T12:36:50 IST" name="flushreport" finished-at="2025-10-23T12:36:50 IST" duration-ms="494" status="PASS">
          <reporter-output>
          </reporter-output>
        </test-method> <!-- flushreport -->
      </class> <!-- com.ajio.tests.loginajio -->
    </test> <!-- Test -->
  </suite> <!-- Suite -->
</testng-results>
