<?xml version="1.0" encoding="UTF-8"?>
<!-- Generated by org.testng.reporters.JUnitXMLReporter -->
<testsuite ignored="0" hostname="LAPTOP-8NO3AAUC" failures="0" tests="3" name="ChromeTest" time="88.805" errors="0" timestamp="2025-10-22T11:14:10 IST">
  <testcase classname="pac1.TC008_TestNG2_PageFactory" name="f" time="6.848"/>
  <testcase classname="pac1.TC008_TestNG2_PageFactory" name="f" time="6.187"/>
  <testcase classname="pac1.TC008_TestNG2_PageFactory" name="test2" time="0.0"/>
</testsuite> <!-- ChromeTest -->
