<?xml version="1.0" encoding="UTF-8"?>
<testsuite xmlns:xsi="http://www.w3.org/2001/XMLSchema-instance" xsi:noNamespaceSchemaLocation="https://maven.apache.org/surefire/maven-surefire-plugin/xsd/surefire-test-report-3.0.xsd" version="3.0" name="TestSuite" time="92.456" tests="3" errors="0" skipped="0" failures="0">
  <properties>
[...]
</properties>
  <testcase name="f[Admin, admin123](1)" classname="pac1.TC008_TestNG2_PageFactory" time="6.845">
    <system-out><![CDATA[This is before suite
This is before test
This is before class
This is before method
This is the Test
]]></system-out>
    <system-err><![CDATA[SLF4J(W): No SLF4J providers were found.
SLF4J(W): Defaulting to no-operation (NOP) logger implementation
SLF4J(W): See https://www.slf4j.org/codes.html#noProviders for further details.
Oct 22, 2025 11:13:25 AM org.openqa.selenium.devtools.CdpVersionFinder findNearestMatch
WARNING: Unable to find an exact match for CDP version 141, returning the closest version; found: 140; Please update to a Selenium version that supports CDP version 141
]]></system-err>
  </testcase>
  <testcase name="f[Admin, admin123](2)" classname="pac1.TC008_TestNG2_PageFactory" time="6.197">
    <system-out><![CDATA[This is after method
This is before method
This is the Test
]]></system-out>
    <system-err><![CDATA[Oct 22, 2025 11:13:48 AM org.openqa.selenium.devtools.CdpVersionFinder findNearestMatch
WARNING: Unable to find an exact match for CDP version 141, returning the closest version; found: 140; Please update to a Selenium version that supports CDP version 141
]]></system-err>
  </testcase>
  <testcase name="test2" classname="pac1.TC008_TestNG2_PageFactory" time="0.002">
    <system-out><![CDATA[This is after method
This is before method
this is test2
]]></system-out>
    <system-err><![CDATA[Oct 22, 2025 11:14:06 AM org.openqa.selenium.devtools.CdpVersionFinder findNearestMatch
WARNING: Unable to find an exact match for CDP version 141, returning the closest version; found: 140; Please update to a Selenium version that supports CDP version 141
]]></system-err>
  </testcase>
</testsuite>