<?xml version="1.0" encoding="UTF-8"?>
<testng-results ignored="0" total="3" passed="3" failed="0" skipped="0">
  <reporter-output>
  </reporter-output>
  <suite started-at="2025-10-22T11:12:41 IST" name="Suite" finished-at="2025-10-22T11:14:10 IST" duration-ms="88805">
    <groups>
    </groups>
    <test started-at="2025-10-22T11:12:41 IST" name="ChromeTest" finished-at="2025-10-22T11:14:10 IST" duration-ms="88805">
      <class name="pac1.TC008_TestNG2_PageFactory">
        <test-method is-config="true" signature="beforeSuite()[pri:0, instance:pac1.TC008_TestNG2_PageFactory@37afeb11]" started-at="2025-10-22T11:12:41 IST" name="beforeSuite" finished-at="2025-10-22T11:12:41 IST" duration-ms="24" status="PASS">
          <reporter-output>
          </reporter-output>
        </test-method> <!-- beforeSuite -->
        <test-method is-config="true" signature="beforeTest()[pri:0, instance:pac1.TC008_TestNG2_PageFactory@37afeb11]" started-at="2025-10-22T11:12:41 IST" name="beforeTest" finished-at="2025-10-22T11:12:41 IST" duration-ms="0" status="PASS">
          <reporter-output>
          </reporter-output>
        </test-method> <!-- beforeTest -->
        <test-method is-config="true" signature="beforeClass()[pri:0, instance:pac1.TC008_TestNG2_PageFactory@37afeb11]" started-at="2025-10-22T11:12:41 IST" name="beforeClass" finished-at="2025-10-22T11:12:41 IST" duration-ms="1" status="PASS">
          <reporter-output>
          </reporter-output>
        </test-method> <!-- beforeClass -->
        <test-method is-config="true" signature="beforeMethod(java.lang.String)[pri:0, instance:pac1.TC008_TestNG2_PageFactory@37afeb11]" started-at="2025-10-22T11:12:41 IST" name="beforeMethod" finished-at="2025-10-22T11:13:26 IST" duration-ms="45313" status="PASS">
          <params>
            <param index="0">
              <value>
                <![CDATA[chrome]]>
              </value>
            </param>
          </params>
          <reporter-output>
          </reporter-output>
        </test-method> <!-- beforeMethod -->
        <test-method signature="f(java.lang.String,java.lang.String)[pri:0, instance:pac1.TC008_TestNG2_PageFactory@37afeb11]" started-at="2025-10-22T11:13:26 IST" name="f" data-provider="logindata" finished-at="2025-10-22T11:13:33 IST" duration-ms="6848" status="PASS">
          <params>
            <param index="0">
              <value>
                <![CDATA[Admin]]>
              </value>
            </param>
            <param index="1">
              <value>
                <![CDATA[admin123]]>
              </value>
            </param>
          </params>
          <reporter-output>
          </reporter-output>
        </test-method> <!-- f -->
        <test-method is-config="true" signature="afterMethod()[pri:0, instance:pac1.TC008_TestNG2_PageFactory@37afeb11]" started-at="2025-10-22T11:13:33 IST" name="afterMethod" finished-at="2025-10-22T11:13:39 IST" duration-ms="5843" status="PASS">
          <reporter-output>
          </reporter-output>
        </test-method> <!-- afterMethod -->
        <test-method is-config="true" signature="beforeMethod(java.lang.String)[pri:0, instance:pac1.TC008_TestNG2_PageFactory@37afeb11]" started-at="2025-10-22T11:13:39 IST" name="beforeMethod" finished-at="2025-10-22T11:13:48 IST" duration-ms="9206" status="PASS">
          <params>
            <param index="0">
              <value>
                <![CDATA[chrome]]>
              </value>
            </param>
          </params>
          <reporter-output>
          </reporter-output>
        </test-method> <!-- beforeMethod -->
        <test-method signature="f(java.lang.String,java.lang.String)[pri:0, instance:pac1.TC008_TestNG2_PageFactory@37afeb11]" started-at="2025-10-22T11:13:48 IST" name="f" data-provider="logindata" finished-at="2025-10-22T11:13:54 IST" duration-ms="6187" status="PASS">
          <params>
            <param index="0">
              <value>
                <![CDATA[Admin]]>
              </value>
            </param>
            <param index="1">
              <value>
                <![CDATA[admin123]]>
              </value>
            </param>
          </params>
          <reporter-output>
          </reporter-output>
        </test-method> <!-- f -->
        <test-method is-config="true" signature="afterMethod()[pri:0, instance:pac1.TC008_TestNG2_PageFactory@37afeb11]" started-at="2025-10-22T11:13:54 IST" name="afterMethod" finished-at="2025-10-22T11:13:56 IST" duration-ms="1352" status="PASS">
          <reporter-output>
          </reporter-output>
        </test-method> <!-- afterMethod -->
        <test-method is-config="true" signature="beforeMethod(java.lang.String)[pri:0, instance:pac1.TC008_TestNG2_PageFactory@37afeb11]" started-at="2025-10-22T11:13:56 IST" name="beforeMethod" finished-at="2025-10-22T11:14:07 IST" duration-ms="10940" status="PASS">
          <params>
            <param index="0">
              <value>
                <![CDATA[chrome]]>
              </value>
            </param>
          </params>
          <reporter-output>
          </reporter-output>
        </test-method> <!-- beforeMethod -->
        <test-method signature="test2()[pri:0, instance:pac1.TC008_TestNG2_PageFactory@37afeb11]" started-at="2025-10-22T11:14:07 IST" name="test2" finished-at="2025-10-22T11:14:07 IST" duration-ms="0" status="PASS">
          <reporter-output>
          </reporter-output>
        </test-method> <!-- test2 -->
        <test-method is-config="true" signature="afterMethod()[pri:0, instance:pac1.TC008_TestNG2_PageFactory@37afeb11]" started-at="2025-10-22T11:14:07 IST" name="afterMethod" finished-at="2025-10-22T11:14:10 IST" duration-ms="2997" status="PASS">
          <reporter-output>
          </reporter-output>
        </test-method> <!-- afterMethod -->
        <test-method is-config="true" signature="afterClass()[pri:0, instance:pac1.TC008_TestNG2_PageFactory@37afeb11]" started-at="2025-10-22T11:14:10 IST" name="afterClass" finished-at="2025-10-22T11:14:10 IST" duration-ms="9" status="PASS">
          <reporter-output>
          </reporter-output>
        </test-method> <!-- afterClass -->
        <test-method is-config="true" signature="afterTest()[pri:0, instance:pac1.TC008_TestNG2_PageFactory@37afeb11]" started-at="2025-10-22T11:14:10 IST" name="afterTest" finished-at="2025-10-22T11:14:10 IST" duration-ms="1" status="PASS">
          <reporter-output>
          </reporter-output>
        </test-method> <!-- afterTest -->
        <test-method is-config="true" signature="afterSuite()[pri:0, instance:pac1.TC008_TestNG2_PageFactory@37afeb11]" started-at="2025-10-22T11:14:10 IST" name="afterSuite" finished-at="2025-10-22T11:14:10 IST" duration-ms="1" status="PASS">
          <reporter-output>
          </reporter-output>
        </test-method> <!-- afterSuite -->
      </class> <!-- pac1.TC008_TestNG2_PageFactory -->
    </test> <!-- ChromeTest -->
  </suite> <!-- Suite -->
</testng-results>
