<?xml version="1.0" encoding="UTF-8"?>
<!-- Generated by org.testng.reporters.JUnitXMLReporter -->
<testsuite ignored="0" hostname="LAPTOP-8NO3AAUC" failures="0" tests="3" name="Test" time="21.829" errors="0" timestamp="2025-10-23T16:28:28 IST">
  <testcase classname="com.ajio.tests.loginajio" name="verifylogin" time="3.688"/>
  <testcase classname="com.ajio.tests.loginajio" name="verifylogin" time="6.02"/>
  <testcase classname="com.ajio.tests.loginajio" name="verifylogin" time="5.3"/>
</testsuite> <!-- Test -->
