<?xml version="1.0" encoding="UTF-8"?>
<!-- Generated by org.testng.reporters.JUnitXMLReporter -->
<testsuite ignored="0" hostname="LAPTOP-8NO3AAUC" failures="0" tests="3" name="Default test" time="27.531" errors="0" timestamp="2025-10-16T15:00:04 IST">
  <testcase classname="pac1.TC008_TestNG2_Excel" name="f" time="8.72"/>
  <testcase classname="pac1.TC008_TestNG2_Excel" name="f" time="6.09"/>
  <testcase classname="pac1.TC008_TestNG2_Excel" name="f" time="5.546"/>
</testsuite> <!-- Default test -->
