<?xml version="1.0" encoding="UTF-8"?>
<!-- Generated by org.testng.reporters.JUnitXMLReporter -->
<testsuite ignored="0" hostname="LAPTOP-8NO3AAUC" failures="0" tests="3" name="Default test" time="11.978" errors="0" timestamp="2025-10-23T12:46:36 IST">
  <testcase classname="com.ajio.tests.loginajio" name="verifylogin" time="1.717"/>
  <testcase classname="com.ajio.tests.loginajio" name="verifylogin" time="1.906"/>
  <testcase classname="com.ajio.tests.loginajio" name="verifylogin" time="2.236"/>
</testsuite> <!-- Default test -->
